2 conv layers 32
1 2x2 max pool layer
1 dropout 0.25
fully connected 512
dropout .35
fully connected 512
dropout .35
out

Reached 73% validation accuracy for 10 epochs in a row

ubuntu@ip-172-31-0-203:~/galaxy_classification/code$ python keras_NN.py 
Using Theano backend.
Using gpu device 0: GRID K520 (CNMeM is disabled, CuDNN not available)
/usr/local/lib/python2.7/dist-packages/theano/tensor/signal/downsample.py:5: UserWarning: downsample module has been moved to the pool module.
  warnings.warn("downsample module has been moved to the pool module.")
Loading Data
test/train split
scaling data
building model
compiling model
fitting model
Epoch 1/100
56s - loss: 1.0064 - acc: 0.4544 - val_loss: 0.8529 - val_acc: 0.5982
Epoch 2/100
56s - loss: 0.8664 - acc: 0.5758 - val_loss: 0.7737 - val_acc: 0.6406
Epoch 3/100
56s - loss: 0.8210 - acc: 0.6038 - val_loss: 0.7607 - val_acc: 0.6398
Epoch 4/100
56s - loss: 0.7926 - acc: 0.6185 - val_loss: 0.7458 - val_acc: 0.6446
Epoch 5/100
56s - loss: 0.7742 - acc: 0.6324 - val_loss: 0.7361 - val_acc: 0.6438
Epoch 6/100
56s - loss: 0.7592 - acc: 0.6381 - val_loss: 0.7043 - val_acc: 0.6646
Epoch 7/100
56s - loss: 0.7414 - acc: 0.6502 - val_loss: 0.7035 - val_acc: 0.6604
Epoch 8/100
56s - loss: 0.7292 - acc: 0.6546 - val_loss: 0.6926 - val_acc: 0.6640
Epoch 9/100
56s - loss: 0.7218 - acc: 0.6582 - val_loss: 0.6793 - val_acc: 0.6794
Epoch 10/100
56s - loss: 0.7091 - acc: 0.6633 - val_loss: 0.6556 - val_acc: 0.6898
Epoch 11/100
56s - loss: 0.6974 - acc: 0.6705 - val_loss: 0.6654 - val_acc: 0.6828
Epoch 12/100
56s - loss: 0.6904 - acc: 0.6743 - val_loss: 0.6517 - val_acc: 0.6970
Epoch 13/100
56s - loss: 0.6762 - acc: 0.6825 - val_loss: 0.6469 - val_acc: 0.6914
Epoch 14/100
56s - loss: 0.6727 - acc: 0.6787 - val_loss: 0.6463 - val_acc: 0.6948
Epoch 15/100
56s - loss: 0.6609 - acc: 0.6918 - val_loss: 0.6403 - val_acc: 0.6938
Epoch 16/100
56s - loss: 0.6499 - acc: 0.6937 - val_loss: 0.6329 - val_acc: 0.7022
Epoch 17/100
56s - loss: 0.6513 - acc: 0.6933 - val_loss: 0.6256 - val_acc: 0.7074
Epoch 18/100
56s - loss: 0.6417 - acc: 0.6979 - val_loss: 0.6201 - val_acc: 0.7088
Epoch 19/100
56s - loss: 0.6452 - acc: 0.6972 - val_loss: 0.6312 - val_acc: 0.7008
Epoch 20/100
56s - loss: 0.6294 - acc: 0.7048 - val_loss: 0.6223 - val_acc: 0.7062
Epoch 21/100
56s - loss: 0.6336 - acc: 0.6973 - val_loss: 0.6175 - val_acc: 0.7088
Epoch 22/100
56s - loss: 0.6313 - acc: 0.7070 - val_loss: 0.6159 - val_acc: 0.7128
Epoch 23/100
56s - loss: 0.6182 - acc: 0.7127 - val_loss: 0.6330 - val_acc: 0.7070
Epoch 24/100
56s - loss: 0.6194 - acc: 0.7136 - val_loss: 0.6198 - val_acc: 0.7074
Epoch 25/100
56s - loss: 0.6147 - acc: 0.7165 - val_loss: 0.6119 - val_acc: 0.7144
Epoch 26/100
56s - loss: 0.6040 - acc: 0.7201 - val_loss: 0.6167 - val_acc: 0.7152
Epoch 27/100
56s - loss: 0.6118 - acc: 0.7131 - val_loss: 0.6177 - val_acc: 0.7118
Epoch 28/100
56s - loss: 0.6058 - acc: 0.7175 - val_loss: 0.6108 - val_acc: 0.7178
Epoch 29/100
56s - loss: 0.6024 - acc: 0.7223 - val_loss: 0.6119 - val_acc: 0.7104
Epoch 30/100
56s - loss: 0.5923 - acc: 0.7221 - val_loss: 0.6003 - val_acc: 0.7162
Epoch 31/100
56s - loss: 0.5948 - acc: 0.7248 - val_loss: 0.5971 - val_acc: 0.7234
Epoch 32/100
56s - loss: 0.5970 - acc: 0.7228 - val_loss: 0.6127 - val_acc: 0.7148
Epoch 33/100
56s - loss: 0.5856 - acc: 0.7296 - val_loss: 0.5956 - val_acc: 0.7240
Epoch 34/100
56s - loss: 0.5901 - acc: 0.7251 - val_loss: 0.6103 - val_acc: 0.7130
Epoch 35/100
56s - loss: 0.5810 - acc: 0.7300 - val_loss: 0.5921 - val_acc: 0.7278
Epoch 36/100
56s - loss: 0.5866 - acc: 0.7258 - val_loss: 0.5979 - val_acc: 0.7234
Epoch 37/100
56s - loss: 0.5851 - acc: 0.7307 - val_loss: 0.5988 - val_acc: 0.7260
Epoch 38/100
56s - loss: 0.5763 - acc: 0.7405 - val_loss: 0.5986 - val_acc: 0.7196
Epoch 39/100
56s - loss: 0.5723 - acc: 0.7355 - val_loss: 0.6015 - val_acc: 0.7184
Epoch 40/100
56s - loss: 0.5687 - acc: 0.7399 - val_loss: 0.5870 - val_acc: 0.7276
Epoch 41/100
56s - loss: 0.5715 - acc: 0.7375 - val_loss: 0.5916 - val_acc: 0.7244
Epoch 42/100
56s - loss: 0.5629 - acc: 0.7386 - val_loss: 0.6149 - val_acc: 0.7214
Epoch 43/100
56s - loss: 0.5624 - acc: 0.7399 - val_loss: 0.6031 - val_acc: 0.7196
Epoch 44/100
56s - loss: 0.5573 - acc: 0.7431 - val_loss: 0.5940 - val_acc: 0.7240
Epoch 45/100
56s - loss: 0.5579 - acc: 0.7451 - val_loss: 0.5996 - val_acc: 0.7204
Epoch 46/100
56s - loss: 0.5552 - acc: 0.7437 - val_loss: 0.5958 - val_acc: 0.7206
Epoch 47/100
56s - loss: 0.5456 - acc: 0.7551 - val_loss: 0.5874 - val_acc: 0.7316
Epoch 48/100
56s - loss: 0.5458 - acc: 0.7504 - val_loss: 0.5813 - val_acc: 0.7300
Epoch 49/100
56s - loss: 0.5529 - acc: 0.7483 - val_loss: 0.5919 - val_acc: 0.7246
Epoch 50/100
56s - loss: 0.5479 - acc: 0.7445 - val_loss: 0.5845 - val_acc: 0.7274
Epoch 51/100
56s - loss: 0.5411 - acc: 0.7540 - val_loss: 0.6077 - val_acc: 0.7242
Epoch 52/100
56s - loss: 0.5445 - acc: 0.7539 - val_loss: 0.5878 - val_acc: 0.7288
Epoch 53/100
56s - loss: 0.5420 - acc: 0.7532 - val_loss: 0.5811 - val_acc: 0.7312
Epoch 54/100
56s - loss: 0.5437 - acc: 0.7517 - val_loss: 0.5889 - val_acc: 0.7284
Epoch 55/100
56s - loss: 0.5438 - acc: 0.7477 - val_loss: 0.6036 - val_acc: 0.7236
Epoch 56/100
56s - loss: 0.5407 - acc: 0.7551 - val_loss: 0.5947 - val_acc: 0.7244
Epoch 57/100
56s - loss: 0.5357 - acc: 0.7559 - val_loss: 0.5881 - val_acc: 0.7202
Epoch 58/100
56s - loss: 0.5378 - acc: 0.7545 - val_loss: 0.6075 - val_acc: 0.7254
Epoch 59/100
56s - loss: 0.5329 - acc: 0.7621 - val_loss: 0.5759 - val_acc: 0.7322
Epoch 60/100
56s - loss: 0.5237 - acc: 0.7633 - val_loss: 0.5945 - val_acc: 0.7286
Epoch 61/100
56s - loss: 0.5268 - acc: 0.7607 - val_loss: 0.6042 - val_acc: 0.7202
Epoch 62/100
56s - loss: 0.5234 - acc: 0.7613 - val_loss: 0.5949 - val_acc: 0.7242
Epoch 63/100
56s - loss: 0.5229 - acc: 0.7685 - val_loss: 0.5934 - val_acc: 0.7264
Epoch 64/100
56s - loss: 0.5178 - acc: 0.7649 - val_loss: 0.5944 - val_acc: 0.7268
Epoch 65/100
56s - loss: 0.5090 - acc: 0.7701 - val_loss: 0.5991 - val_acc: 0.7224
Epoch 66/100
56s - loss: 0.5190 - acc: 0.7700 - val_loss: 0.6010 - val_acc: 0.7272
Epoch 67/100
56s - loss: 0.5087 - acc: 0.7741 - val_loss: 0.5968 - val_acc: 0.7298
Epoch 68/100
56s - loss: 0.5134 - acc: 0.7703 - val_loss: 0.5886 - val_acc: 0.7326
Epoch 69/100
56s - loss: 0.5075 - acc: 0.7742 - val_loss: 0.6028 - val_acc: 0.7310
Epoch 70/100
56s - loss: 0.5096 - acc: 0.7718 - val_loss: 0.5879 - val_acc: 0.7356
Epoch 71/100
56s - loss: 0.5155 - acc: 0.7708 - val_loss: 0.5848 - val_acc: 0.7350
Epoch 72/100
56s - loss: 0.5042 - acc: 0.7760 - val_loss: 0.5924 - val_acc: 0.7314
Epoch 73/100
56s - loss: 0.5030 - acc: 0.7741 - val_loss: 0.5965 - val_acc: 0.7316
Epoch 74/100
56s - loss: 0.5045 - acc: 0.7773 - val_loss: 0.5922 - val_acc: 0.7330
Epoch 75/100
56s - loss: 0.5051 - acc: 0.7707 - val_loss: 0.5765 - val_acc: 0.7306
Epoch 76/100
56s - loss: 0.4929 - acc: 0.7789 - val_loss: 0.5992 - val_acc: 0.7364
Epoch 77/100
56s - loss: 0.4895 - acc: 0.7829 - val_loss: 0.6096 - val_acc: 0.7286
Epoch 78/100
56s - loss: 0.4987 - acc: 0.7782 - val_loss: 0.6031 - val_acc: 0.7272
Epoch 79/100
56s - loss: 0.5007 - acc: 0.7751 - val_loss: 0.6131 - val_acc: 0.7276
Epoch 80/100
56s - loss: 0.5028 - acc: 0.7743 - val_loss: 0.6064 - val_acc: 0.7246
Epoch 81/100
